<?xml version="1.0" encoding="UTF-8"?>
<testng-results ignored="0" total="1" passed="1" failed="0" skipped="0">
  <reporter-output>
  </reporter-output>
  <suite started-at="2021-09-07T12:10:36 COT" name="Default suite" finished-at="2021-09-07T12:10:37 COT" duration-ms="1677">
    <groups>
    </groups>
    <test started-at="2021-09-07T12:10:36 COT" name="Default test" finished-at="2021-09-07T12:10:37 COT" duration-ms="1677">
      <class name="TestClass">
        <test-method signature="myAddTest()[pri:0, instance:TestClass@12d3a4e9]" started-at="2021-09-07T12:10:36 COT" name="myAddTest" finished-at="2021-09-07T12:10:37 COT" duration-ms="1608" status="PASS">
          <reporter-output>
          </reporter-output>
        </test-method> <!-- myAddTest -->
      </class> <!-- TestClass -->
    </test> <!-- Default test -->
  </suite> <!-- Default suite -->
</testng-results>
